# JRE version: Java(TM) SE Runtime Environment (8.0_201-b09) (build 1.8.0_201-b09)
# Java VM: Java HotSpot(TM) 64-Bit Server VM (25.201-b09 mixed mode linux-amd64 compressed oops)
Heap:
 PSYoungGen      total 189952K, used 122501K [0x00000000f0000000, 0x0000000100000000, 0x0000000100000000)
  eden space 155648K, 56% used [0x00000000f0000000,0x00000000f565f060,0x00000000f9800000)
  from space 34304K, 99% used [0x00000000f9800000,0x00000000fb9424d8,0x00000000fb980000)
  to   space 53760K, 0% used [0x00000000fcb80000,0x00000000fcb80000,0x0000000100000000)
 ParOldGen       total 524288K, used 112475K [0x00000000d0000000, 0x00000000f0000000, 0x00000000f0000000)
  object space 524288K, 21% used [0x00000000d0000000,0x00000000d6dd6f48,0x00000000f0000000)
 Metaspace       used 76029K, capacity 80228K, committed 80532K, reserved 1118208K
  class space    used 9979K, capacity 11330K, committed 11412K, reserved 1048576K
GC Heap History (10 events):
Event: 460.586 GC heap before
{Heap before GC invocations=30 (full 3):
 PSYoungGen      total 201728K, used 201711K [0x00000000f0000000, 0x0000000100000000, 0x0000000100000000)
  eden space 166912K, 100% used [0x00000000f0000000,0x00000000fa300000,0x00000000fa300000)
  from space 34816K, 99% used [0x00000000fde00000,0x00000000ffffbf48,0x0000000100000000)
  to   space 47616K, 0% used [0x00000000fa300000,0x00000000fa300000,0x00000000fd180000)
 ParOldGen       total 524288K, used 104557K [0x00000000d0000000, 0x00000000f0000000, 0x00000000f0000000)
  object space 524288K, 19% used [0x00000000d0000000,0x00000000d661b660,0x00000000f0000000)
 Metaspace       used 74218K, capacity 78202K, committed 78484K, reserved 1116160K
  class space    used 9788K, capacity 11080K, committed 11156K, reserved 1048576K
Event: 460.667 GC heap after
Heap after GC invocations=30 (full 3):
 PSYoungGen      total 196608K, used 29293K [0x00000000f0000000, 0x0000000100000000, 0x0000000100000000)
  eden space 166912K, 0% used [0x00000000f0000000,0x00000000f0000000,0x00000000fa300000)
  from space 29696K, 98% used [0x00000000fa300000,0x00000000fbf9b7b0,0x00000000fc000000)
  to   space 48128K, 0% used [0x00000000fd100000,0x00000000fd100000,0x0000000100000000)
 ParOldGen       total 524288K, used 112451K [0x00000000d0000000, 0x00000000f0000000, 0x00000000f0000000)
  object space 524288K, 21% used [0x00000000d0000000,0x00000000d6dd0f48,0x00000000f0000000)
 Metaspace       used 74218K, capacity 78202K, committed 78484K, reserved 1116160K
  class space    used 9788K, capacity 11080K, committed 11156K, reserved 1048576K
}
Event: 505.349 GC heap before
{Heap before GC invocations=31 (full 3):
 PSYoungGen      total 196608K, used 196205K [0x00000000f0000000, 0x0000000100000000, 0x0000000100000000)
  eden space 166912K, 100% used [0x00000000f0000000,0x00000000fa300000,0x00000000fa300000)
  from space 29696K, 98% used [0x00000000fa300000,0x00000000fbf9b7b0,0x00000000fc000000)
  to   space 48128K, 0% used [0x00000000fd100000,0x00000000fd100000,0x0000000100000000)
 ParOldGen       total 524288K, used 112451K [0x00000000d0000000, 0x00000000f0000000, 0x00000000f0000000)
  object space 524288K, 21% used [0x00000000d0000000,0x00000000d6dd0f48,0x00000000f0000000)
 Metaspace       used 74830K, capacity 78896K, committed 79124K, reserved 1118208K
  class space    used 9845K, capacity 11166K, committed 11284K, reserved 1048576K
Event: 505.404 GC heap after
Heap after GC invocations=31 (full 3):
 PSYoungGen      total 209920K, used 33600K [0x00000000f0000000, 0x0000000100000000, 0x0000000100000000)
  eden space 161792K, 0% used [0x00000000f0000000,0x00000000f0000000,0x00000000f9e00000)
  from space 48128K, 69% used [0x00000000fd100000,0x00000000ff1d0170,0x0000000100000000)
  to   space 50176K, 0% used [0x00000000f9e00000,0x00000000f9e00000,0x00000000fcf00000)
 ParOldGen       total 524288K, used 112451K [0x00000000d0000000, 0x00000000f0000000, 0x00000000f0000000)
  object space 524288K, 21% used [0x00000000d0000000,0x00000000d6dd0f48,0x00000000f0000000)
 Metaspace       used 74830K, capacity 78896K, committed 79124K, reserved 1118208K
  class space    used 9845K, capacity 11166K, committed 11284K, reserved 1048576K
}
Event: 532.125 GC heap before
{Heap before GC invocations=32 (full 3):
 PSYoungGen      total 209920K, used 195392K [0x00000000f0000000, 0x0000000100000000, 0x0000000100000000)
  eden space 161792K, 100% used [0x00000000f0000000,0x00000000f9e00000,0x00000000f9e00000)
  from space 48128K, 69% used [0x00000000fd100000,0x00000000ff1d0170,0x0000000100000000)
  to   space 50176K, 0% used [0x00000000f9e00000,0x00000000f9e00000,0x00000000fcf00000)
 ParOldGen       total 524288K, used 112451K [0x00000000d0000000, 0x00000000f0000000, 0x00000000f0000000)
  object space 524288K, 21% used [0x00000000d0000000,0x00000000d6dd0f48,0x00000000f0000000)
 Metaspace       used 75081K, capacity 79124K, committed 79380K, reserved 1118208K
  class space    used 9859K, capacity 11172K, committed 11284K, reserved 1048576K
Event: 532.183 GC heap after
Heap after GC invocations=32 (full 3):
 PSYoungGen      total 195072K, used 34937K [0x00000000f0000000, 0x0000000100000000, 0x0000000100000000)
  eden space 159744K, 0% used [0x00000000f0000000,0x00000000f0000000,0x00000000f9c00000)
  from space 35328K, 98% used [0x00000000f9e00000,0x00000000fc01e668,0x00000000fc080000)
  to   space 51712K, 0% used [0x00000000fcd80000,0x00000000fcd80000,0x0000000100000000)
 ParOldGen       total 524288K, used 112459K [0x00000000d0000000, 0x00000000f0000000, 0x00000000f0000000)
  object space 524288K, 21% used [0x00000000d0000000,0x00000000d6dd2f48,0x00000000f0000000)
 Metaspace       used 75081K, capacity 79124K, committed 79380K, reserved 1118208K
  class space    used 9859K, capacity 11172K, committed 11284K, reserved 1048576K
}
Event: 923.295 GC heap before
{Heap before GC invocations=33 (full 3):
 PSYoungGen      total 195072K, used 194681K [0x00000000f0000000, 0x0000000100000000, 0x0000000100000000)
  eden space 159744K, 100% used [0x00000000f0000000,0x00000000f9c00000,0x00000000f9c00000)
  from space 35328K, 98% used [0x00000000f9e00000,0x00000000fc01e668,0x00000000fc080000)
  to   space 51712K, 0% used [0x00000000fcd80000,0x00000000fcd80000,0x0000000100000000)
 ParOldGen       total 524288K, used 112459K [0x00000000d0000000, 0x00000000f0000000, 0x00000000f0000000)
  object space 524288K, 21% used [0x00000000d0000000,0x00000000d6dd2f48,0x00000000f0000000)
 Metaspace       used 75201K, capacity 79294K, committed 79636K, reserved 1118208K
  class space    used 9877K, capacity 11190K, committed 11284K, reserved 1048576K
Event: 923.421 GC heap after
Heap after GC invocations=33 (full 3):
 PSYoungGen      total 207360K, used 35097K [0x00000000f0000000, 0x0000000100000000, 0x0000000100000000)
  eden space 155648K, 0% used [0x00000000f0000000,0x00000000f0000000,0x00000000f9800000)
  from space 51712K, 67% used [0x00000000fcd80000,0x00000000fefc6528,0x0000000100000000)
  to   space 53248K, 0% used [0x00000000f9800000,0x00000000f9800000,0x00000000fcc00000)
 ParOldGen       total 524288K, used 112467K [0x00000000d0000000, 0x00000000f0000000, 0x00000000f0000000)
  object space 524288K, 21% used [0x00000000d0000000,0x00000000d6dd4f48,0x00000000f0000000)
 Metaspace       used 75201K, capacity 79294K, committed 79636K, reserved 1118208K
  class space    used 9877K, capacity 11190K, committed 11284K, reserved 1048576K
}
Event: 996.052 GC heap before
{Heap before GC invocations=34 (full 3):
 PSYoungGen      total 207360K, used 190745K [0x00000000f0000000, 0x0000000100000000, 0x0000000100000000)
  eden space 155648K, 100% used [0x00000000f0000000,0x00000000f9800000,0x00000000f9800000)
  from space 51712K, 67% used [0x00000000fcd80000,0x00000000fefc6528,0x0000000100000000)
  to   space 53248K, 0% used [0x00000000f9800000,0x00000000f9800000,0x00000000fcc00000)
 ParOldGen       total 524288K, used 112467K [0x00000000d0000000, 0x00000000f0000000, 0x00000000f0000000)
  object space 524288K, 21% used [0x00000000d0000000,0x00000000d6dd4f48,0x00000000f0000000)
 Metaspace       used 75663K, capacity 79844K, committed 80020K, reserved 1118208K
  class space    used 9943K, capacity 11306K, committed 11412K, reserved 1048576K
Event: 996.118 GC heap after
Heap after GC invocations=34 (full 3):
 PSYoungGen      total 189952K, used 34057K [0x00000000f0000000, 0x0000000100000000, 0x0000000100000000)
  eden space 155648K, 0% used [0x00000000f0000000,0x00000000f0000000,0x00000000f9800000)
  from space 34304K, 99% used [0x00000000f9800000,0x00000000fb9424d8,0x00000000fb980000)
  to   space 53760K, 0% used [0x00000000fcb80000,0x00000000fcb80000,0x0000000100000000)
 ParOldGen       total 524288K, used 112475K [0x00000000d0000000, 0x00000000f0000000, 0x00000000f0000000)
  object space 524288K, 21% used [0x00000000d0000000,0x00000000d6dd6f48,0x00000000f0000000)
 Metaspace       used 75663K, capacity 79844K, committed 80020K, reserved 1118208K
  class space    used 9943K, capacity 11306K, committed 11412K, reserved 1048576K
}

