# JRE version: Java(TM) SE Runtime Environment (8.0_201-b09) (build 1.8.0_201-b09)
# Java VM: Java HotSpot(TM) 64-Bit Server VM (25.201-b09 mixed mode linux-amd64 compressed oops)
Heap:
 PSYoungGen      total 221696K, used 61273K [0x00000000f0000000, 0x0000000100000000, 0x0000000100000000)
  eden space 181248K, 11% used [0x00000000f0000000,0x00000000f145b308,0x00000000fb100000)
  from space 40448K, 99% used [0x00000000fb100000,0x00000000fd87b128,0x00000000fd880000)
  to   space 40448K, 0% used [0x00000000fd880000,0x00000000fd880000,0x0000000100000000)
 ParOldGen       total 524288K, used 87287K [0x00000000d0000000, 0x00000000f0000000, 0x00000000f0000000)
  object space 524288K, 16% used [0x00000000d0000000,0x00000000d553dd18,0x00000000f0000000)
 Metaspace       used 71106K, capacity 74584K, committed 74792K, reserved 1114112K
  class space    used 9383K, capacity 10471K, committed 10544K, reserved 1048576K
GC Heap History (10 events):
Event: 159.159 GC heap before
{Heap before GC invocations=24 (full 3):
 PSYoungGen      total 235520K, used 221528K [0x00000000f0000000, 0x0000000100000000, 0x0000000100000000)
  eden space 207872K, 100% used [0x00000000f0000000,0x00000000fcb00000,0x00000000fcb00000)
  from space 27648K, 49% used [0x00000000fe500000,0x00000000ff256260,0x0000000100000000)
  to   space 26624K, 0% used [0x00000000fcb00000,0x00000000fcb00000,0x00000000fe500000)
 ParOldGen       total 524288K, used 82248K [0x00000000d0000000, 0x00000000f0000000, 0x00000000f0000000)
  object space 524288K, 15% used [0x00000000d0000000,0x00000000d50521e0,0x00000000f0000000)
 Metaspace       used 65856K, capacity 67452K, committed 67624K, reserved 1107968K
  class space    used 8393K, capacity 8952K, committed 9008K, reserved 1048576K
Event: 159.190 GC heap after
Heap after GC invocations=24 (full 3):
 PSYoungGen      total 230400K, used 22443K [0x00000000f0000000, 0x0000000100000000, 0x0000000100000000)
  eden space 207872K, 0% used [0x00000000f0000000,0x00000000f0000000,0x00000000fcb00000)
  from space 22528K, 99% used [0x00000000fcb00000,0x00000000fe0eaec0,0x00000000fe100000)
  to   space 28672K, 0% used [0x00000000fe400000,0x00000000fe400000,0x0000000100000000)
 ParOldGen       total 524288K, used 82256K [0x00000000d0000000, 0x00000000f0000000, 0x00000000f0000000)
  object space 524288K, 15% used [0x00000000d0000000,0x00000000d50541e0,0x00000000f0000000)
 Metaspace       used 65856K, capacity 67452K, committed 67624K, reserved 1107968K
  class space    used 8393K, capacity 8952K, committed 9008K, reserved 1048576K
}
Event: 164.704 GC heap before
{Heap before GC invocations=25 (full 3):
 PSYoungGen      total 230400K, used 230315K [0x00000000f0000000, 0x0000000100000000, 0x0000000100000000)
  eden space 207872K, 100% used [0x00000000f0000000,0x00000000fcb00000,0x00000000fcb00000)
  from space 22528K, 99% used [0x00000000fcb00000,0x00000000fe0eaec0,0x00000000fe100000)
  to   space 28672K, 0% used [0x00000000fe400000,0x00000000fe400000,0x0000000100000000)
 ParOldGen       total 524288K, used 82256K [0x00000000d0000000, 0x00000000f0000000, 0x00000000f0000000)
  object space 524288K, 15% used [0x00000000d0000000,0x00000000d50541e0,0x00000000f0000000)
 Metaspace       used 67499K, capacity 69390K, committed 69544K, reserved 1110016K
  class space    used 8714K, capacity 9346K, committed 9392K, reserved 1048576K
Event: 164.787 GC heap after
Heap after GC invocations=25 (full 3):
 PSYoungGen      total 227328K, used 25850K [0x00000000f0000000, 0x0000000100000000, 0x0000000100000000)
  eden space 198656K, 0% used [0x00000000f0000000,0x00000000f0000000,0x00000000fc200000)
  from space 28672K, 90% used [0x00000000fe400000,0x00000000ffd3e910,0x0000000100000000)
  to   space 31744K, 0% used [0x00000000fc200000,0x00000000fc200000,0x00000000fe100000)
 ParOldGen       total 524288K, used 82256K [0x00000000d0000000, 0x00000000f0000000, 0x00000000f0000000)
  object space 524288K, 15% used [0x00000000d0000000,0x00000000d50541e0,0x00000000f0000000)
 Metaspace       used 67499K, capacity 69390K, committed 69544K, reserved 1110016K
  class space    used 8714K, capacity 9346K, committed 9392K, reserved 1048576K
}
Event: 192.355 GC heap before
{Heap before GC invocations=26 (full 3):
 PSYoungGen      total 227328K, used 224506K [0x00000000f0000000, 0x0000000100000000, 0x0000000100000000)
  eden space 198656K, 100% used [0x00000000f0000000,0x00000000fc200000,0x00000000fc200000)
  from space 28672K, 90% used [0x00000000fe400000,0x00000000ffd3e910,0x0000000100000000)
  to   space 31744K, 0% used [0x00000000fc200000,0x00000000fc200000,0x00000000fe100000)
 ParOldGen       total 524288K, used 82256K [0x00000000d0000000, 0x00000000f0000000, 0x00000000f0000000)
  object space 524288K, 15% used [0x00000000d0000000,0x00000000d50541e0,0x00000000f0000000)
 Metaspace       used 68815K, capacity 71216K, committed 71336K, reserved 1110016K
  class space    used 8958K, capacity 9831K, committed 9904K, reserved 1048576K
Event: 192.397 GC heap after
Heap after GC invocations=26 (full 3):
 PSYoungGen      total 228864K, used 30008K [0x00000000f0000000, 0x0000000100000000, 0x0000000100000000)
  eden space 198656K, 0% used [0x00000000f0000000,0x00000000f0000000,0x00000000fc200000)
  from space 30208K, 99% used [0x00000000fc200000,0x00000000fdf4e2a0,0x00000000fdf80000)
  to   space 33280K, 0% used [0x00000000fdf80000,0x00000000fdf80000,0x0000000100000000)
 ParOldGen       total 524288K, used 82264K [0x00000000d0000000, 0x00000000f0000000, 0x00000000f0000000)
  object space 524288K, 15% used [0x00000000d0000000,0x00000000d50561e0,0x00000000f0000000)
 Metaspace       used 68815K, capacity 71216K, committed 71336K, reserved 1110016K
  class space    used 8958K, capacity 9831K, committed 9904K, reserved 1048576K
}
Event: 249.226 GC heap before
{Heap before GC invocations=27 (full 3):
 PSYoungGen      total 228864K, used 228659K [0x00000000f0000000, 0x0000000100000000, 0x0000000100000000)
  eden space 198656K, 99% used [0x00000000f0000000,0x00000000fc1fed18,0x00000000fc200000)
  from space 30208K, 99% used [0x00000000fc200000,0x00000000fdf4e2a0,0x00000000fdf80000)
  to   space 33280K, 0% used [0x00000000fdf80000,0x00000000fdf80000,0x0000000100000000)
 ParOldGen       total 524288K, used 82264K [0x00000000d0000000, 0x00000000f0000000, 0x00000000f0000000)
  object space 524288K, 15% used [0x00000000d0000000,0x00000000d50561e0,0x00000000f0000000)
 Metaspace       used 70053K, capacity 72862K, committed 73128K, reserved 1112064K
  class space    used 9168K, capacity 10133K, committed 10160K, reserved 1048576K
Event: 249.274 GC heap after
Heap after GC invocations=27 (full 3):
 PSYoungGen      total 214528K, used 33273K [0x00000000f0000000, 0x0000000100000000, 0x0000000100000000)
  eden space 181248K, 0% used [0x00000000f0000000,0x00000000f0000000,0x00000000fb100000)
  from space 33280K, 99% used [0x00000000fdf80000,0x00000000ffffe500,0x0000000100000000)
  to   space 40448K, 0% used [0x00000000fb100000,0x00000000fb100000,0x00000000fd880000)
 ParOldGen       total 524288K, used 83821K [0x00000000d0000000, 0x00000000f0000000, 0x00000000f0000000)
  object space 524288K, 15% used [0x00000000d0000000,0x00000000d51db4b8,0x00000000f0000000)
 Metaspace       used 70053K, capacity 72862K, committed 73128K, reserved 1112064K
  class space    used 9168K, capacity 10133K, committed 10160K, reserved 1048576K
}
Event: 308.363 GC heap before
{Heap before GC invocations=28 (full 3):
 PSYoungGen      total 214528K, used 214521K [0x00000000f0000000, 0x0000000100000000, 0x0000000100000000)
  eden space 181248K, 100% used [0x00000000f0000000,0x00000000fb100000,0x00000000fb100000)
  from space 33280K, 99% used [0x00000000fdf80000,0x00000000ffffe500,0x0000000100000000)
  to   space 40448K, 0% used [0x00000000fb100000,0x00000000fb100000,0x00000000fd880000)
 ParOldGen       total 524288K, used 83821K [0x00000000d0000000, 0x00000000f0000000, 0x00000000f0000000)
  object space 524288K, 15% used [0x00000000d0000000,0x00000000d51db4b8,0x00000000f0000000)
 Metaspace       used 71087K, capacity 74536K, committed 74792K, reserved 1114112K
  class space    used 9379K, capacity 10463K, committed 10544K, reserved 1048576K
Event: 308.424 GC heap after
Heap after GC invocations=28 (full 3):
 PSYoungGen      total 221696K, used 40428K [0x00000000f0000000, 0x0000000100000000, 0x0000000100000000)
  eden space 181248K, 0% used [0x00000000f0000000,0x00000000f0000000,0x00000000fb100000)
  from space 40448K, 99% used [0x00000000fb100000,0x00000000fd87b128,0x00000000fd880000)
  to   space 40448K, 0% used [0x00000000fd880000,0x00000000fd880000,0x0000000100000000)
 ParOldGen       total 524288K, used 87287K [0x00000000d0000000, 0x00000000f0000000, 0x00000000f0000000)
  object space 524288K, 16% used [0x00000000d0000000,0x00000000d553dd18,0x00000000f0000000)
 Metaspace       used 71087K, capacity 74536K, committed 74792K, reserved 1114112K
  class space    used 9379K, capacity 10463K, committed 10544K, reserved 1048576K
}

